<?xml version="1.0" encoding="UTF-8"?>
<!-- Generated by org.testng.reporters.JUnitReportReporter -->
<testsuite hostname="DESKTOP-PMIFEDC" failures="0" tests="1" name="com.actitime.timetrack.Demo" time="0.013" errors="0" timestamp="2020-08-10T16:00:24 IST" skipped="0">
  <testcase classname="com.actitime.timetrack.Demo" name="run" time="0.013"/>
  <system-out>
project demo2  </system-out>
</testsuite> <!-- com.actitime.timetrack.Demo -->
